<html>
<head>
<title>TestNG:  PetTest</title>
<link href="../testng.css" rel="stylesheet" type="text/css" />
<link href="../my-testng.css" rel="stylesheet" type="text/css" />

<style type="text/css">
.log { display: none;} 
.stack-trace { display: none;} 
</style>
<script type="text/javascript">
<!--
function flip(e) {
  current = e.style.display;
  if (current == 'block') {
    e.style.display = 'none';
    return 0;
  }
  else {
    e.style.display = 'block';
    return 1;
  }
}

function toggleBox(szDivId, elem, msg1, msg2)
{
  var res = -1;  if (document.getElementById) {
    res = flip(document.getElementById(szDivId));
  }
  else if (document.all) {
    // this is the way old msie versions work
    res = flip(document.all[szDivId]);
  }
  if(elem) {
    if(res == 0) elem.innerHTML = msg1; else elem.innerHTML = msg2;
  }

}

function toggleAllBoxes() {
  if (document.getElementsByTagName) {
    d = document.getElementsByTagName('div');
    for (i = 0; i < d.length; i++) {
      if (d[i].className == 'log') {
        flip(d[i]);
      }
    }
  }
}

// -->
</script>

</head>
<body>
<h2 align='center'>PetTest</h2><table border='1' align="center">
<tr>
<td>Tests passed/Failed/Skipped:</td><td>22/2/0</td>
</tr><tr>
<td>Started on:</td><td>Fri Nov 08 10:29:42 IST 2024</td>
</tr>
<tr><td>Total time:</td><td>48 seconds (48786 ms)</td>
</tr><tr>
<td>Included groups:</td><td></td>
</tr><tr>
<td>Excluded groups:</td><td></td>
</tr>
</table><p/>
<small><i>(Hover the method name to see the test class name)</i></small><p/>
<table width='100%' border='1' class='invocation-failed'>
<tr><td colspan='4' align='center'><b>FAILED TESTS</b></td></tr>
<tr><td><b>Test method</b></td>
<td><b>Attribute(s)</b></td>
<td width="30%"><b>Exception</b></td>
<td width="10%"><b>Time (seconds)</b></td>
<td><b>Instance</b></td>
</tr>
<tr>
<td title='api.test.DataDrivenTests.testDeleteUser()'><b>testDeleteUser</b><br>Test class: api.test.DataDrivenTests<br>Parameters: </td>
<td><div><pre>java.lang.AssertionError: User does not exist for deletion: 
	at api.test.DataDrivenTests.testDeleteUser(DataDrivenTests.java:45)
	at java.base/java.util.ArrayList.forEach(ArrayList.java:1596)
... Removed 30 stack frames</pre></div><a href='#' onClick='toggleBox("stack-trace773511134", this, "Click to show all stack frames", "Click to hide stack frames")'>Click to show all stack frames</a>
<div class='stack-trace' id='stack-trace773511134'><pre>java.lang.AssertionError: User does not exist for deletion: 
	at org.testng.AssertJUnit.fail(AssertJUnit.java:65)
	at api.test.DataDrivenTests.testDeleteUser(DataDrivenTests.java:45)
	at java.base/jdk.internal.reflect.DirectMethodHandleAccessor.invoke(DirectMethodHandleAccessor.java:103)
	at java.base/java.lang.reflect.Method.invoke(Method.java:580)
	at org.testng.internal.invokers.MethodInvocationHelper.invokeMethod(MethodInvocationHelper.java:141)
	at org.testng.internal.invokers.TestInvoker.invokeMethod(TestInvoker.java:686)
	at org.testng.internal.invokers.TestInvoker.invokeTestMethod(TestInvoker.java:230)
	at org.testng.internal.invokers.MethodRunner.runInSequence(MethodRunner.java:63)
	at org.testng.internal.invokers.TestInvoker$MethodInvocationAgent.invoke(TestInvoker.java:992)
	at org.testng.internal.invokers.TestInvoker.invokeTestMethods(TestInvoker.java:203)
	at org.testng.internal.invokers.TestMethodWorker.invokeTestMethods(TestMethodWorker.java:154)
	at org.testng.internal.invokers.TestMethodWorker.run(TestMethodWorker.java:134)
	at java.base/java.util.ArrayList.forEach(ArrayList.java:1596)
	at org.testng.TestRunner.privateRun(TestRunner.java:739)
	at org.testng.TestRunner.run(TestRunner.java:614)
	at org.testng.SuiteRunner.runTest(SuiteRunner.java:421)
	at org.testng.SuiteRunner.runSequentially(SuiteRunner.java:413)
	at org.testng.SuiteRunner.privateRun(SuiteRunner.java:373)
	at org.testng.SuiteRunner.run(SuiteRunner.java:312)
	at org.testng.SuiteRunnerWorker.runSuite(SuiteRunnerWorker.java:52)
	at org.testng.SuiteRunnerWorker.run(SuiteRunnerWorker.java:95)
	at org.testng.TestNG.runSuitesSequentially(TestNG.java:1274)
	at org.testng.TestNG.runSuitesLocally(TestNG.java:1208)
	at org.testng.TestNG.runSuites(TestNG.java:1112)
	at org.testng.TestNG.run(TestNG.java:1079)
	at org.apache.maven.surefire.testng.TestNGExecutor.run(TestNGExecutor.java:283)
	at org.apache.maven.surefire.testng.TestNGXmlTestSuite.execute(TestNGXmlTestSuite.java:75)
	at org.apache.maven.surefire.testng.TestNGProvider.invoke(TestNGProvider.java:120)
	at org.apache.maven.surefire.booter.ForkedBooter.invokeProviderInSameClassLoader(ForkedBooter.java:384)
	at org.apache.maven.surefire.booter.ForkedBooter.runSuitesInProcess(ForkedBooter.java:345)
	at org.apache.maven.surefire.booter.ForkedBooter.execute(ForkedBooter.java:126)
	at org.apache.maven.surefire.booter.ForkedBooter.main(ForkedBooter.java:418)
</pre></div></td>
<td>1</td>
<td>api.test.DataDrivenTests@4a668b6e</td></tr>
<tr>
<td title='api.test.DataDrivenTests.testPostUser()'><b>testPostUser</b><br>Test class: api.test.DataDrivenTests<br>Parameters: , , , , , , </td>
<td><div><pre>java.lang.NumberFormatException: For input string: &quot;&quot;
	at java.base/java.lang.NumberFormatException.forInputString(NumberFormatException.java:67)
	at java.base/java.lang.Integer.parseInt(Integer.java:672)
	at java.base/java.lang.Integer.parseInt(Integer.java:778)
	at api.test.DataDrivenTests.testPostUser(DataDrivenTests.java:20)
	at java.base/java.util.ArrayList.forEach(ArrayList.java:1596)
... Removed 29 stack frames</pre></div><a href='#' onClick='toggleBox("stack-trace1000962402", this, "Click to show all stack frames", "Click to hide stack frames")'>Click to show all stack frames</a>
<div class='stack-trace' id='stack-trace1000962402'><pre>java.lang.NumberFormatException: For input string: &quot;&quot;
	at java.base/java.lang.NumberFormatException.forInputString(NumberFormatException.java:67)
	at java.base/java.lang.Integer.parseInt(Integer.java:672)
	at java.base/java.lang.Integer.parseInt(Integer.java:778)
	at api.test.DataDrivenTests.testPostUser(DataDrivenTests.java:20)
	at java.base/jdk.internal.reflect.DirectMethodHandleAccessor.invoke(DirectMethodHandleAccessor.java:103)
	at java.base/java.lang.reflect.Method.invoke(Method.java:580)
	at org.testng.internal.invokers.MethodInvocationHelper.invokeMethod(MethodInvocationHelper.java:141)
	at org.testng.internal.invokers.TestInvoker.invokeMethod(TestInvoker.java:686)
	at org.testng.internal.invokers.TestInvoker.invokeTestMethod(TestInvoker.java:230)
	at org.testng.internal.invokers.MethodRunner.runInSequence(MethodRunner.java:63)
	at org.testng.internal.invokers.TestInvoker$MethodInvocationAgent.invoke(TestInvoker.java:992)
	at org.testng.internal.invokers.TestInvoker.invokeTestMethods(TestInvoker.java:203)
	at org.testng.internal.invokers.TestMethodWorker.invokeTestMethods(TestMethodWorker.java:154)
	at org.testng.internal.invokers.TestMethodWorker.run(TestMethodWorker.java:134)
	at java.base/java.util.ArrayList.forEach(ArrayList.java:1596)
	at org.testng.TestRunner.privateRun(TestRunner.java:739)
	at org.testng.TestRunner.run(TestRunner.java:614)
	at org.testng.SuiteRunner.runTest(SuiteRunner.java:421)
	at org.testng.SuiteRunner.runSequentially(SuiteRunner.java:413)
	at org.testng.SuiteRunner.privateRun(SuiteRunner.java:373)
	at org.testng.SuiteRunner.run(SuiteRunner.java:312)
	at org.testng.SuiteRunnerWorker.runSuite(SuiteRunnerWorker.java:52)
	at org.testng.SuiteRunnerWorker.run(SuiteRunnerWorker.java:95)
	at org.testng.TestNG.runSuitesSequentially(TestNG.java:1274)
	at org.testng.TestNG.runSuitesLocally(TestNG.java:1208)
	at org.testng.TestNG.runSuites(TestNG.java:1112)
	at org.testng.TestNG.run(TestNG.java:1079)
	at org.apache.maven.surefire.testng.TestNGExecutor.run(TestNGExecutor.java:283)
	at org.apache.maven.surefire.testng.TestNGXmlTestSuite.execute(TestNGXmlTestSuite.java:75)
	at org.apache.maven.surefire.testng.TestNGProvider.invoke(TestNGProvider.java:120)
	at org.apache.maven.surefire.booter.ForkedBooter.invokeProviderInSameClassLoader(ForkedBooter.java:384)
	at org.apache.maven.surefire.booter.ForkedBooter.runSuitesInProcess(ForkedBooter.java:345)
	at org.apache.maven.surefire.booter.ForkedBooter.execute(ForkedBooter.java:126)
	at org.apache.maven.surefire.booter.ForkedBooter.main(ForkedBooter.java:418)
</pre></div></td>
<td>0</td>
<td>api.test.DataDrivenTests@4a668b6e</td></tr>
</table><p>
<table width='100%' border='1' class='invocation-passed'>
<tr><td colspan='4' align='center'><b>PASSED TESTS</b></td></tr>
<tr><td><b>Test method</b></td>
<td><b>Attribute(s)</b></td>
<td width="30%"><b>Exception</b></td>
<td width="10%"><b>Time (seconds)</b></td>
<td><b>Instance</b></td>
</tr>
<tr>
<td title='api.test.DataDrivenTests.testPostUser()'><b>testPostUser</b><br>Test class: api.test.DataDrivenTests<br>Parameters: 3, alicew, Alice, Williams, alicew@example.com, alicePass, 345-678-9012</td>
<td></td>
<td>1</td>
<td>api.test.DataDrivenTests@4a668b6e</td></tr>
<tr>
<td title='api.test.DataDrivenTests.testDeleteUser()'><b>testDeleteUser</b><br>Test class: api.test.DataDrivenTests<br>Parameters: emilyr</td>
<td></td>
<td>2</td>
<td>api.test.DataDrivenTests@4a668b6e</td></tr>
<tr>
<td title='api.test.DataDrivenTests.testDeleteUser()'><b>testDeleteUser</b><br>Test class: api.test.DataDrivenTests<br>Parameters: janedoe</td>
<td></td>
<td>2</td>
<td>api.test.DataDrivenTests@4a668b6e</td></tr>
<tr>
<td title='api.test.DataDrivenTests.testPostUser()'><b>testPostUser</b><br>Test class: api.test.DataDrivenTests<br>Parameters: 9, michaelc, Michael, Clark, michaelc@example.com, mikeSecure, 901-234-5678</td>
<td></td>
<td>1</td>
<td>api.test.DataDrivenTests@4a668b6e</td></tr>
<tr>
<td title='api.test.DataDrivenTests.testPostUser()'><b>testPostUser</b><br>Test class: api.test.DataDrivenTests<br>Parameters: 8, sarahj, Sarah, Johnson, sarahj@example.com, sarah123, 890-123-4567</td>
<td></td>
<td>1</td>
<td>api.test.DataDrivenTests@4a668b6e</td></tr>
<tr>
<td title='api.test.DataDrivenTests.testPostUser()'><b>testPostUser</b><br>Test class: api.test.DataDrivenTests<br>Parameters: 2, janedoe, Jane, Doe, janedoe@example.com, securePass, 234-567-8901</td>
<td></td>
<td>1</td>
<td>api.test.DataDrivenTests@4a668b6e</td></tr>
<tr>
<td title='api.test.UserTests.testUpdateUser()'><b>testUpdateUser</b><br>Test class: api.test.UserTests</td>
<td></td>
<td>2</td>
<td>api.test.UserTests@62230c58</td></tr>
<tr>
<td title='api.test.UserTests.testDeleteUserByName()'><b>testDeleteUserByName</b><br>Test class: api.test.UserTests</td>
<td></td>
<td>1</td>
<td>api.test.UserTests@62230c58</td></tr>
<tr>
<td title='api.test.DataDrivenTests.testPostUser()'><b>testPostUser</b><br>Test class: api.test.DataDrivenTests<br>Parameters: 1, johndoe, John, Doe, johndoe@example.com, pass123, 123-456-7890</td>
<td></td>
<td>5</td>
<td>api.test.DataDrivenTests@4a668b6e</td></tr>
<tr>
<td title='api.test.UserTests.testGetUserByName()'><b>testGetUserByName</b><br>Test class: api.test.UserTests</td>
<td></td>
<td>1</td>
<td>api.test.UserTests@62230c58</td></tr>
<tr>
<td title='api.test.DataDrivenTests.testDeleteUser()'><b>testDeleteUser</b><br>Test class: api.test.DataDrivenTests<br>Parameters: alicew</td>
<td></td>
<td>2</td>
<td>api.test.DataDrivenTests@4a668b6e</td></tr>
<tr>
<td title='api.test.DataDrivenTests.testPostUser()'><b>testPostUser</b><br>Test class: api.test.DataDrivenTests<br>Parameters: 4, bobsmith, Bob, Smith, bobsmith@example.com, bobSecure, 456-789-0123</td>
<td></td>
<td>1</td>
<td>api.test.DataDrivenTests@4a668b6e</td></tr>
<tr>
<td title='api.test.DataDrivenTests.testDeleteUser()'><b>testDeleteUser</b><br>Test class: api.test.DataDrivenTests<br>Parameters: charlieb</td>
<td></td>
<td>2</td>
<td>api.test.DataDrivenTests@4a668b6e</td></tr>
<tr>
<td title='api.test.DataDrivenTests.testDeleteUser()'><b>testDeleteUser</b><br>Test class: api.test.DataDrivenTests<br>Parameters: michaelc</td>
<td></td>
<td>2</td>
<td>api.test.DataDrivenTests@4a668b6e</td></tr>
<tr>
<td title='api.test.DataDrivenTests.testPostUser()'><b>testPostUser</b><br>Test class: api.test.DataDrivenTests<br>Parameters: 7, davidh, David, Hall, davidh@example.com, davidH123, 789-012-3456</td>
<td></td>
<td>1</td>
<td>api.test.DataDrivenTests@4a668b6e</td></tr>
<tr>
<td title='api.test.DataDrivenTests.testDeleteUser()'><b>testDeleteUser</b><br>Test class: api.test.DataDrivenTests<br>Parameters: bobsmith</td>
<td></td>
<td>2</td>
<td>api.test.DataDrivenTests@4a668b6e</td></tr>
<tr>
<td title='api.test.DataDrivenTests.testPostUser()'><b>testPostUser</b><br>Test class: api.test.DataDrivenTests<br>Parameters: 5, charlieb, Charlie, Brown, charlieb@example.com, charlie123, 567-890-1234</td>
<td></td>
<td>1</td>
<td>api.test.DataDrivenTests@4a668b6e</td></tr>
<tr>
<td title='api.test.DataDrivenTests.testPostUser()'><b>testPostUser</b><br>Test class: api.test.DataDrivenTests<br>Parameters: 6, emilyr, Emily, Rose, emilyr@example.com, emilyRose, 678-901-2345</td>
<td></td>
<td>1</td>
<td>api.test.DataDrivenTests@4a668b6e</td></tr>
<tr>
<td title='api.test.DataDrivenTests.testDeleteUser()'><b>testDeleteUser</b><br>Test class: api.test.DataDrivenTests<br>Parameters: davidh</td>
<td></td>
<td>2</td>
<td>api.test.DataDrivenTests@4a668b6e</td></tr>
<tr>
<td title='api.test.DataDrivenTests.testDeleteUser()'><b>testDeleteUser</b><br>Test class: api.test.DataDrivenTests<br>Parameters: sarahj</td>
<td></td>
<td>2</td>
<td>api.test.DataDrivenTests@4a668b6e</td></tr>
<tr>
<td title='api.test.UserTests.testPostUser()'><b>testPostUser</b><br>Test class: api.test.UserTests</td>
<td></td>
<td>1</td>
<td>api.test.UserTests@62230c58</td></tr>
<tr>
<td title='api.test.DataDrivenTests.testDeleteUser()'><b>testDeleteUser</b><br>Test class: api.test.DataDrivenTests<br>Parameters: johndoe</td>
<td></td>
<td>2</td>
<td>api.test.DataDrivenTests@4a668b6e</td></tr>
</table><p>
</body>
</html>